<?xml version="1.0" encoding="utf-8"?><testsuites name="pytest tests"><testsuite name="pytest" errors="0" failures="1" skipped="0" tests="21" time="2.849" timestamp="2026-02-25T06:56:31.031342+00:00" hostname="agent-env-41357876-dab7-4929-98f2-1eb19bfc5f1a"><testcase classname="backend.tests.test_foratask.TestHealthAndAPI" name="test_api_root" time="0.169" /><testcase classname="backend.tests.test_foratask.TestAuth" name="test_admin_login" time="0.156" /><testcase classname="backend.tests.test_foratask.TestAuth" name="test_supervisor_login" time="0.147" /><testcase classname="backend.tests.test_foratask.TestAuth" name="test_employee_login" time="0.142" /><testcase classname="backend.tests.test_foratask.TestAuth" name="test_login_invalid_credentials" time="0.071" /><testcase classname="backend.tests.test_foratask.TestDashboard" name="test_tasks_summary" time="0.211" /><testcase classname="backend.tests.test_foratask.TestDashboard" name="test_user_info" time="0.071" /><testcase classname="backend.tests.test_foratask.TestDashboard" name="test_users_list" time="0.072" /><testcase classname="backend.tests.test_foratask.TestTaskCRUD" name="test_get_task_list_team" time="0.080" /><testcase classname="backend.tests.test_foratask.TestTaskCRUD" name="test_get_task_list_self" time="0.070" /><testcase classname="backend.tests.test_foratask.TestTaskCRUD" name="test_create_task_basic" time="0.151" /><testcase classname="backend.tests.test_foratask.TestTaskCRUD" name="test_create_task_with_multilocation" time="0.330" /><testcase classname="backend.tests.test_foratask.TestTaskCRUD" name="test_get_task_detail" time="0.150" /><testcase classname="backend.tests.test_foratask.TestTaskExtended" name="test_task_timeline" time="0.142" /><testcase classname="backend.tests.test_foratask.TestTaskExtended" name="test_task_discussions" time="0.146" /><testcase classname="backend.tests.test_foratask.TestTaskExtended" name="test_add_discussion_comment" time="0.147"><failure message="assert 500 == 201&#10; +  where 500 = &lt;Response [500]&gt;.status_code">backend/tests/test_foratask.py:298: in test_add_discussion_comment
    assert resp.status_code == 201
E   assert 500 == 201
E    +  where 500 = &lt;Response [500]&gt;.status_code</failure></testcase><testcase classname="backend.tests.test_foratask.TestTeam" name="test_employee_list" time="0.082" /><testcase classname="backend.tests.test_foratask.TestAttendance" name="test_attendance_today" time="0.083" /><testcase classname="backend.tests.test_foratask.TestAttendance" name="test_attendance_history" time="0.075" /><testcase classname="backend.tests.test_foratask.TestChat" name="test_chat_rooms" time="0.071" /><testcase classname="backend.tests.test_foratask.TestChat" name="test_create_dm" time="0.145" /></testsuite></testsuites>